<?xml version="1.0" encoding="UTF-8"?><testrun name="TestRunner" project="Automation" tests="3" started="3" failures="2" errors="0" ignored="0">
  <testsuite name="cucumberoption.TestRunner" time="0.493">
    <testsuite name="Feature: Search and Place order for Veg" time="0.493">
      <testsuite name="Scenario: Search for items and Validate results" time="0.493" incomplete="true">
        <failure>java.lang.AssertionError&#13;
	at org.junit.Assert.fail(Assert.java:86)&#13;
	at org.junit.Assert.assertTrue(Assert.java:41)&#13;
	at org.junit.Assert.assertTrue(Assert.java:52)&#13;
	at stepDefinations.Search.something_results_are_displayed(Search.java:35)&#13;
	at ✽.Then "Cucumber" results are displayed(Search.feature:6)&#13;
&#13;
</failure>
        <testcase name="Given user is on Greencart landpage" classname="Scenario: Search for items and Validate results" time="0.441"/>
        <testcase name="When user serach for &quot;Cucumber&quot; Veg" classname="Scenario: Search for items and Validate results" time="0.048"/>
        <testcase name="Then &quot;Cucumber&quot; results are displayed" classname="Scenario: Search for items and Validate results" time="0.004">
          <failure>java.lang.AssertionError&#13;
	at org.junit.Assert.fail(Assert.java:86)&#13;
	at org.junit.Assert.assertTrue(Assert.java:41)&#13;
	at org.junit.Assert.assertTrue(Assert.java:52)&#13;
	at stepDefinations.Search.something_results_are_displayed(Search.java:35)&#13;
	at ✽.Then "Cucumber" results are displayed(Search.feature:6)&#13;
&#13;
</failure>
        </testcase>
      </testsuite>
    </testsuite>
  </testsuite>
</testrun>
